Using pre-set license
Built from '2020.3/release' branch; Version is '2020.3.2f1 (8fd9074bf66c) revision 9427207'; Using compiler version '192528614'; Build Type 'Release'
OS: 'Windows 10 Pro; OS build 18363.1440; Version 1909; 64bit' Language: 'ko' Physical Memory: 16315 MB
BatchMode: 1, IsHumanControllingUs: 0, StartBugReporterOnCrash: 0, Is64bit: 1, IsPro: 0

 COMMAND LINE ARGUMENTS:
C:\Program Files\Unity\Hub\Editor\2020.3.2f1\Editor\Unity.exe
-adb2
-batchMode
-noUpm
-name
AssetImportWorker0
-projectPath
C:/Users/DMC CONET/Documents/GitHub/FirstDefense
-logFile
Logs/AssetImportWorker0.log
-srvPort
65384
Successfully changed project path to: C:/Users/DMC CONET/Documents/GitHub/FirstDefense
C:/Users/DMC CONET/Documents/GitHub/FirstDefense
Using Asset Import Pipeline V2.
Refreshing native plugins compatible for Editor in 34.59 ms, found 0 plugins.
Preloading 0 native plugins for Editor in 0.00 ms.
Initialize engine version: 2020.3.2f1 (8fd9074bf66c)
[Subsystems] Discovering subsystems at path C:/Program Files/Unity/Hub/Editor/2020.3.2f1/Editor/Data/Resources/UnitySubsystems
[Subsystems] Discovering subsystems at path C:/Users/DMC CONET/Documents/GitHub/FirstDefense/Assets
GfxDevice: creating device client; threaded=0
Direct3D:
    Version:  Direct3D 11.0 [level 11.1]
    Renderer: NVIDIA GeForce GTX 1660 SUPER (ID=0x21c4)
    Vendor:   
    VRAM:     5991 MB
    Driver:   27.21.14.5751
Initialize mono
Mono path[0] = 'C:/Program Files/Unity/Hub/Editor/2020.3.2f1/Editor/Data/Managed'
Mono path[1] = 'C:/Program Files/Unity/Hub/Editor/2020.3.2f1/Editor/Data/MonoBleedingEdge/lib/mono/unityjit'
Mono config path = 'C:/Program Files/Unity/Hub/Editor/2020.3.2f1/Editor/Data/MonoBleedingEdge/etc'
Using monoOptions --debugger-agent=transport=dt_socket,embedding=1,server=y,suspend=n,address=127.0.0.1:56824
Begin MonoManager ReloadAssembly
Registering precompiled unity dll's ...
Register platform support module: C:/Program Files/Unity/Hub/Editor/2020.3.2f1/Editor/Data/PlaybackEngines/WindowsStandaloneSupport/UnityEditor.WindowsStandalone.Extensions.dll
Registered in 0.001290 seconds.
Native extension for WindowsStandalone target not found
Refreshing native plugins compatible for Editor in 36.50 ms, found 0 plugins.
Preloading 0 native plugins for Editor in 0.00 ms.
Invoked RoslynAnalysisRunner static constructor.
RoslynAnalysisRunner will not be running.
RoslynAnalysisRunner has terminated.
Mono: successfully reloaded assembly
- Completed reload, in  1.325 seconds
Platform modules already initialized, skipping
Registering precompiled user dll's ...
Registered in 0.000693 seconds.
Begin MonoManager ReloadAssembly
Native extension for WindowsStandalone target not found
Refreshing native plugins compatible for Editor in 0.42 ms, found 0 plugins.
Preloading 0 native plugins for Editor in 0.00 ms.
Invoked RoslynAnalysisRunner static constructor.
RoslynAnalysisRunner will not be running.
RoslynAnalysisRunner has terminated.
Mono: successfully reloaded assembly
- Completed reload, in  0.667 seconds
Platform modules already initialized, skipping
========================================================================
Worker process is ready to serve import requests
Launched and connected shader compiler UnityShaderCompiler.exe after 0.03 seconds
Refreshing native plugins compatible for Editor in 0.69 ms, found 0 plugins.
Preloading 0 native plugins for Editor in 0.00 ms.
Unloading 1238 Unused Serialized files (Serialized files now loaded: 0)
System memory in use before: 68.8 MB.
System memory in use after: 68.9 MB.

Unloading 9 unused Assets to reduce memory usage. Loaded Objects now: 1682.
Total: 1.581000 ms (FindLiveObjects: 0.208100 ms CreateObjectMapping: 0.055900 ms MarkObjects: 1.259400 ms  DeleteObjects: 0.056600 ms)

========================================================================
Received Import Request.
  path: Assets/unnamed.jpg
  artifactKey: Guid(49b5024b058dcf547abd3790b292ab58) Importer(815301076,1909f56bfc062723c751e8b465ee728b)
Start importing Assets/unnamed.jpg using Guid(49b5024b058dcf547abd3790b292ab58) Importer(815301076,1909f56bfc062723c751e8b465ee728b)  -> (artifact id: '0fcc74794d7f3d6674bb127a3a473465') in 0.098557 seconds
  Import took 0.100628 seconds .

========================================================================
Received Import Request.
  Time since last request: 23.883754 seconds.
  path: Assets/Sounds/big one.wav
  artifactKey: Guid(0f01b3f6d4ca3954ebdb232821ffda11) Importer(815301076,1909f56bfc062723c751e8b465ee728b)
Start importing Assets/Sounds/big one.wav using Guid(0f01b3f6d4ca3954ebdb232821ffda11) Importer(815301076,1909f56bfc062723c751e8b465ee728b)  -> (artifact id: '5892f547bfb2701ed307183e1c8d614c') in 0.029258 seconds
  Import took 0.031293 seconds .

========================================================================
Received Import Request.
  Time since last request: 0.000132 seconds.
  path: Assets/Sounds/으악+오리소리.mp3
  artifactKey: Guid(1cb8ebc584b31e24380726fdd175e10c) Importer(815301076,1909f56bfc062723c751e8b465ee728b)
Start importing Assets/Sounds/으악+오리소리.mp3 using Guid(1cb8ebc584b31e24380726fdd175e10c) Importer(815301076,1909f56bfc062723c751e8b465ee728b)  -> (artifact id: '95fddcb6bf3e2c9422e3f8a90d6e8878') in 0.009065 seconds
  Import took 0.010868 seconds .

========================================================================
Received Import Request.
  Time since last request: 0.000136 seconds.
  path: Assets/Sounds/Menu Music.mp3
  artifactKey: Guid(66a313209dc41d54297e16184504c605) Importer(815301076,1909f56bfc062723c751e8b465ee728b)
Start importing Assets/Sounds/Menu Music.mp3 using Guid(66a313209dc41d54297e16184504c605) Importer(815301076,1909f56bfc062723c751e8b465ee728b)  -> (artifact id: '5e41d2e0386434fb958a4b31503ce3a0') in 0.008424 seconds
  Import took 0.010287 seconds .

========================================================================
Received Import Request.
  Time since last request: 0.000140 seconds.
  path: Assets/Sounds/Sonic The Hedgehog - Staff Credits.mp3
  artifactKey: Guid(2477bae897e50854f8538f20a7501f0a) Importer(815301076,1909f56bfc062723c751e8b465ee728b)
Start importing Assets/Sounds/Sonic The Hedgehog - Staff Credits.mp3 using Guid(2477bae897e50854f8538f20a7501f0a) Importer(815301076,1909f56bfc062723c751e8b465ee728b)  -> (artifact id: '781a40cd888af21951ae0fbffdd44f7d') in 0.009238 seconds
  Import took 0.011151 seconds .

========================================================================
Received Import Request.
  Time since last request: 0.000203 seconds.
  path: Assets/Sounds/TD Tower Sell.wav
  artifactKey: Guid(303172c9acb5a5845ac9ca4010aa32ee) Importer(815301076,1909f56bfc062723c751e8b465ee728b)
Start importing Assets/Sounds/TD Tower Sell.wav using Guid(303172c9acb5a5845ac9ca4010aa32ee) Importer(815301076,1909f56bfc062723c751e8b465ee728b)  -> (artifact id: '48a5b99fa15cdeb5e35ec6916574c90e') in 0.008624 seconds
  Import took 0.010577 seconds .

========================================================================
Received Import Request.
  Time since last request: 0.000134 seconds.
  path: Assets/Sounds/Super Tower Shot 1.wav
  artifactKey: Guid(2b4aa6a357ca4c84e926f77c8409975f) Importer(815301076,1909f56bfc062723c751e8b465ee728b)
Start importing Assets/Sounds/Super Tower Shot 1.wav using Guid(2b4aa6a357ca4c84e926f77c8409975f) Importer(815301076,1909f56bfc062723c751e8b465ee728b)  -> (artifact id: '40a4a2e02a151fd66b60f14c01ef917d') in 0.008402 seconds
  Import took 0.010318 seconds .

========================================================================
Received Import Request.
  Time since last request: 0.000126 seconds.
  path: Assets/Sounds/Destruction 5.wav
  artifactKey: Guid(ba2eed6a7deb1814d9cc3da33955b84f) Importer(815301076,1909f56bfc062723c751e8b465ee728b)
Start importing Assets/Sounds/Destruction 5.wav using Guid(ba2eed6a7deb1814d9cc3da33955b84f) Importer(815301076,1909f56bfc062723c751e8b465ee728b)  -> (artifact id: '1fa4b7ce9ea93ecbd48206fa6b00391e') in 0.011655 seconds
  Import took 0.013608 seconds .

========================================================================
Received Import Request.
  Time since last request: 0.000207 seconds.
  path: Assets/Sounds/Sonic The Hedgehog 2 - Staff Credits.mp3
  artifactKey: Guid(882d41778deba9a4eb86bb6808557a2c) Importer(815301076,1909f56bfc062723c751e8b465ee728b)
Start importing Assets/Sounds/Sonic The Hedgehog 2 - Staff Credits.mp3 using Guid(882d41778deba9a4eb86bb6808557a2c) Importer(815301076,1909f56bfc062723c751e8b465ee728b)  -> (artifact id: '6b57ebafc8777c83505d29ffc36ebbcb') in 0.008801 seconds
  Import took 0.010635 seconds .

========================================================================
Received Import Request.
  Time since last request: 0.000123 seconds.
  path: Assets/Sounds/Sega Genesis - Sonic The Hedgehog - Green Hill Zone.mp3
  artifactKey: Guid(8c64ee47815c6054789a0bc738e0dcb6) Importer(815301076,1909f56bfc062723c751e8b465ee728b)
Start importing Assets/Sounds/Sega Genesis - Sonic The Hedgehog - Green Hill Zone.mp3 using Guid(8c64ee47815c6054789a0bc738e0dcb6) Importer(815301076,1909f56bfc062723c751e8b465ee728b)  -> (artifact id: '5980cc78eab8efd7d7bac8738202f07e') in 0.007868 seconds
  Import took 0.009666 seconds .

========================================================================
Received Import Request.
  Time since last request: 0.000119 seconds.
  path: Assets/Sounds/Game Music.mp3
  artifactKey: Guid(ba97188ed3574454d9f2046ab3430e1b) Importer(815301076,1909f56bfc062723c751e8b465ee728b)
Start importing Assets/Sounds/Game Music.mp3 using Guid(ba97188ed3574454d9f2046ab3430e1b) Importer(815301076,1909f56bfc062723c751e8b465ee728b)  -> (artifact id: 'beb9673cc60ff0d0a1d5c91b4f3e3715') in 0.008323 seconds
  Import took 0.010156 seconds .

========================================================================
Received Import Request.
  Time since last request: 1.962590 seconds.
  path: Assets/Scenes/HorizontalScene.unity
  artifactKey: Guid(0de71721e3a133c4eabc2c7efb6ab457) Importer(815301076,1909f56bfc062723c751e8b465ee728b)
Start importing Assets/Scenes/HorizontalScene.unity using Guid(0de71721e3a133c4eabc2c7efb6ab457) Importer(815301076,1909f56bfc062723c751e8b465ee728b)  -> (artifact id: 'dfef743ac17eb8131f4918fd127847b5') in 0.005720 seconds
  Import took 0.007689 seconds .

========================================================================
Received Import Request.
  Time since last request: 0.011321 seconds.
  path: Assets/Scenes/HorizontalScene.unity
  artifactKey: Guid(0de71721e3a133c4eabc2c7efb6ab457) Importer(815301076,1909f56bfc062723c751e8b465ee728b)
Start importing Assets/Scenes/HorizontalScene.unity using Guid(0de71721e3a133c4eabc2c7efb6ab457) Importer(815301076,1909f56bfc062723c751e8b465ee728b)  -> (artifact id: 'dfef743ac17eb8131f4918fd127847b5') in 0.002336 seconds
  Import took 0.004429 seconds .

========================================================================
Received Import Request.
  Time since last request: 10.020506 seconds.
  path: Assets/UnityTechnologies/TowerDefenseTemplate/Models/Levels/Enviro_Level_1.fbx
  artifactKey: Guid(4a4f98795c1bb4f299e0a3d35e32dc0e) Importer(815301076,1909f56bfc062723c751e8b465ee728b)
Start importing Assets/UnityTechnologies/TowerDefenseTemplate/Models/Levels/Enviro_Level_1.fbx using Guid(4a4f98795c1bb4f299e0a3d35e32dc0e) Importer(815301076,1909f56bfc062723c751e8b465ee728b)  -> (artifact id: '4b1c26d3ef38803b2cabcc46a1c74293') in 0.263585 seconds
  Import took 0.265709 seconds .

========================================================================
Received Import Request.
  Time since last request: 0.000132 seconds.
  path: Assets/UnityTechnologies/TowerDefenseTemplate/Models/Levels/Enviro_Level_2.fbx
  artifactKey: Guid(c0acb67cc67044ec792123c78a445c25) Importer(815301076,1909f56bfc062723c751e8b465ee728b)
Start importing Assets/UnityTechnologies/TowerDefenseTemplate/Models/Levels/Enviro_Level_2.fbx using Guid(c0acb67cc67044ec792123c78a445c25) Importer(815301076,1909f56bfc062723c751e8b465ee728b)  -> (artifact id: '35cf61a289f2f165a7e8b506b667dccb') in 0.039725 seconds
  Import took 0.041599 seconds .

========================================================================
Received Import Request.
  Time since last request: 0.000130 seconds.
  path: Assets/UnityTechnologies/TowerDefenseTemplate/Models/Levels/Enviro_Level_3.fbx
  artifactKey: Guid(1ba446b13ace04844b8a65c7f903c2a1) Importer(815301076,1909f56bfc062723c751e8b465ee728b)
Start importing Assets/UnityTechnologies/TowerDefenseTemplate/Models/Levels/Enviro_Level_3.fbx using Guid(1ba446b13ace04844b8a65c7f903c2a1) Importer(815301076,1909f56bfc062723c751e8b465ee728b)  -> (artifact id: '4868bbf1fc163fc608846b302041ab00') in 0.058388 seconds
  Import took 0.060339 seconds .

========================================================================
Received Import Request.
  Time since last request: 0.000213 seconds.
  path: Assets/UnityTechnologies/TowerDefenseTemplate/Models/Levels/Enviro_Level_2_COL.fbx
  artifactKey: Guid(8fb585f7e9d4c49219e693a26a303efd) Importer(815301076,1909f56bfc062723c751e8b465ee728b)
Start importing Assets/UnityTechnologies/TowerDefenseTemplate/Models/Levels/Enviro_Level_2_COL.fbx using Guid(8fb585f7e9d4c49219e693a26a303efd) Importer(815301076,1909f56bfc062723c751e8b465ee728b)  -> (artifact id: '31098ce481166e054069f9ba38887ed1') in 0.010520 seconds
  Import took 0.012714 seconds .

========================================================================
Received Import Request.
  Time since last request: 0.000171 seconds.
  path: Assets/UnityTechnologies/TowerDefenseTemplate/Models/Levels/Enviro_Level_4.fbx
  artifactKey: Guid(87e47e3172ee14b53a135e99633fe791) Importer(815301076,1909f56bfc062723c751e8b465ee728b)
Start importing Assets/UnityTechnologies/TowerDefenseTemplate/Models/Levels/Enviro_Level_4.fbx using Guid(87e47e3172ee14b53a135e99633fe791) Importer(815301076,1909f56bfc062723c751e8b465ee728b)  -> (artifact id: '0e0542f3c21fc08b307ad5ee3c0e0bc7') in 0.080705 seconds
  Import took 0.082705 seconds .

========================================================================
Received Import Request.
  Time since last request: 0.000165 seconds.
  path: Assets/UnityTechnologies/TowerDefenseTemplate/Models/Levels/Enviro_Level_1_COL.fbx
  artifactKey: Guid(7d5b20c8a4bb94a7faea8717dd4aced1) Importer(815301076,1909f56bfc062723c751e8b465ee728b)
Start importing Assets/UnityTechnologies/TowerDefenseTemplate/Models/Levels/Enviro_Level_1_COL.fbx using Guid(7d5b20c8a4bb94a7faea8717dd4aced1) Importer(815301076,1909f56bfc062723c751e8b465ee728b)  -> (artifact id: 'a4e5b970135dea3618d8006554c3a33a') in 0.010420 seconds
  Import took 0.012317 seconds .

========================================================================
Received Import Request.
  Time since last request: 0.000218 seconds.
  path: Assets/UnityTechnologies/TowerDefenseTemplate/Models/Levels/Enviro_Level_3_COL.fbx
  artifactKey: Guid(3584259b38f3647699aa52084d205a3e) Importer(815301076,1909f56bfc062723c751e8b465ee728b)
Start importing Assets/UnityTechnologies/TowerDefenseTemplate/Models/Levels/Enviro_Level_3_COL.fbx using Guid(3584259b38f3647699aa52084d205a3e) Importer(815301076,1909f56bfc062723c751e8b465ee728b)  -> (artifact id: '9d2618d76fb84f9017e18586be1aff4a') in 0.010438 seconds
  Import took 0.012325 seconds .

========================================================================
Received Import Request.
  Time since last request: 13.855769 seconds.
  path: Assets/UnityTechnologies/TowerDefenseTemplate/Audio/GameMix.mixer
  artifactKey: Guid(c40bed98f23a748f89472abe9c1a6871) Importer(815301076,1909f56bfc062723c751e8b465ee728b)
Start importing Assets/UnityTechnologies/TowerDefenseTemplate/Audio/GameMix.mixer using Guid(c40bed98f23a748f89472abe9c1a6871) Importer(815301076,1909f56bfc062723c751e8b465ee728b)  -> (artifact id: '31b570c8e8128020f0d982eb398042d3') in 0.010427 seconds
  Import took 0.012567 seconds .

========================================================================
Received Import Request.
  Time since last request: 11.049441 seconds.
  path: Assets/Prefabs/Enemy
  artifactKey: Guid(10c84e08a73e2b545976e30ccc0f7961) Importer(815301076,1909f56bfc062723c751e8b465ee728b)
Start importing Assets/Prefabs/Enemy using Guid(10c84e08a73e2b545976e30ccc0f7961) Importer(815301076,1909f56bfc062723c751e8b465ee728b)  -> (artifact id: 'fca94f9423d3939c5ab0ca9bb45542a5') in 0.006355 seconds
  Import took 0.008507 seconds .

========================================================================
Received Import Request.
  Time since last request: 0.040795 seconds.
  path: Assets/Prefabs/Enemy/archer.prefab
  artifactKey: Guid(9f3a2d41a8e4a89488edb74cb45a32d3) Importer(815301076,1909f56bfc062723c751e8b465ee728b)
Start importing Assets/Prefabs/Enemy/archer.prefab using Guid(9f3a2d41a8e4a89488edb74cb45a32d3) Importer(815301076,1909f56bfc062723c751e8b465ee728b)  -> (artifact id: '13c94686f4255c09cccee550443e4754') in 0.030499 seconds
  Import took 0.032766 seconds .

========================================================================
Received Import Request.
  Time since last request: 0.000249 seconds.
  path: Assets/Prefabs/Enemy/zombie.prefab
  artifactKey: Guid(6b1b477c4d96e484d9a70f9e7d2212f9) Importer(815301076,1909f56bfc062723c751e8b465ee728b)
Start importing Assets/Prefabs/Enemy/zombie.prefab using Guid(6b1b477c4d96e484d9a70f9e7d2212f9) Importer(815301076,1909f56bfc062723c751e8b465ee728b)  -> (artifact id: '6a9e9b3a962f1717cc5584713696405d') in 0.011059 seconds
  Import took 0.013137 seconds .

========================================================================
Received Import Request.
  Time since last request: 0.000137 seconds.
  path: Assets/Prefabs/Enemy/knight.prefab
  artifactKey: Guid(2b7f0d13283bca441849b8a2c3f0133a) Importer(815301076,1909f56bfc062723c751e8b465ee728b)
Start importing Assets/Prefabs/Enemy/knight.prefab using Guid(2b7f0d13283bca441849b8a2c3f0133a) Importer(815301076,1909f56bfc062723c751e8b465ee728b)  -> (artifact id: 'a447be3ad33e834b9f63c6db64485c5d') in 0.010564 seconds
  Import took 0.012823 seconds .

========================================================================
Received Import Request.
  Time since last request: 0.000164 seconds.
  path: Assets/Prefabs/Enemy/mageDark.prefab
  artifactKey: Guid(467500a2a01a05641bd401f38acfadde) Importer(815301076,1909f56bfc062723c751e8b465ee728b)
Start importing Assets/Prefabs/Enemy/mageDark.prefab using Guid(467500a2a01a05641bd401f38acfadde) Importer(815301076,1909f56bfc062723c751e8b465ee728b)  -> (artifact id: 'a7794ae33723b001df7c33b8b1504620') in 0.010600 seconds
  Import took 0.012771 seconds .

