Using pre-set license
Built from '2020.3/release' branch; Version is '2020.3.2f1 (8fd9074bf66c) revision 9427207'; Using compiler version '192528614'; Build Type 'Release'
OS: 'Windows 10 Pro; OS build 19042.867; Version 2009; 64bit' Language: 'ko' Physical Memory: 16315 MB
BatchMode: 1, IsHumanControllingUs: 0, StartBugReporterOnCrash: 0, Is64bit: 1, IsPro: 0

 COMMAND LINE ARGUMENTS:
C:\Program Files\Unity\Hub\Editor\2020.3.2f1\Editor\Unity.exe
-adb2
-batchMode
-noUpm
-name
AssetImportWorker0
-projectPath
C:/Users/DMC CONET/Documents/GitHub/FirstDefense
-logFile
Logs/AssetImportWorker0.log
-srvPort
50078
Successfully changed project path to: C:/Users/DMC CONET/Documents/GitHub/FirstDefense
C:/Users/DMC CONET/Documents/GitHub/FirstDefense
Using Asset Import Pipeline V2.
Refreshing native plugins compatible for Editor in 40.02 ms, found 0 plugins.
Preloading 0 native plugins for Editor in 0.00 ms.
Initialize engine version: 2020.3.2f1 (8fd9074bf66c)
[Subsystems] Discovering subsystems at path C:/Program Files/Unity/Hub/Editor/2020.3.2f1/Editor/Data/Resources/UnitySubsystems
[Subsystems] Discovering subsystems at path C:/Users/DMC CONET/Documents/GitHub/FirstDefense/Assets
GfxDevice: creating device client; threaded=0
Direct3D:
    Version:  Direct3D 11.0 [level 11.1]
    Renderer: NVIDIA GeForce GTX 1660 SUPER (ID=0x21c4)
    Vendor:   
    VRAM:     5991 MB
    Driver:   27.21.14.5751
Initialize mono
Mono path[0] = 'C:/Program Files/Unity/Hub/Editor/2020.3.2f1/Editor/Data/Managed'
Mono path[1] = 'C:/Program Files/Unity/Hub/Editor/2020.3.2f1/Editor/Data/MonoBleedingEdge/lib/mono/unityjit'
Mono config path = 'C:/Program Files/Unity/Hub/Editor/2020.3.2f1/Editor/Data/MonoBleedingEdge/etc'
Using monoOptions --debugger-agent=transport=dt_socket,embedding=1,server=y,suspend=n,address=127.0.0.1:56096
Begin MonoManager ReloadAssembly
Registering precompiled unity dll's ...
Register platform support module: C:/Program Files/Unity/Hub/Editor/2020.3.2f1/Editor/Data/PlaybackEngines/WindowsStandaloneSupport/UnityEditor.WindowsStandalone.Extensions.dll
Registered in 0.102672 seconds.
Native extension for WindowsStandalone target not found
Refreshing native plugins compatible for Editor in 36.49 ms, found 0 plugins.
Preloading 0 native plugins for Editor in 0.00 ms.
Invoked RoslynAnalysisRunner static constructor.
RoslynAnalysisRunner will not be running.
RoslynAnalysisRunner has terminated.
Mono: successfully reloaded assembly
- Completed reload, in  3.585 seconds
Platform modules already initialized, skipping
Registering precompiled user dll's ...
Registered in 0.047067 seconds.
Begin MonoManager ReloadAssembly
Native extension for WindowsStandalone target not found
Refreshing native plugins compatible for Editor in 0.38 ms, found 0 plugins.
Preloading 0 native plugins for Editor in 0.00 ms.
Invoked RoslynAnalysisRunner static constructor.
RoslynAnalysisRunner will not be running.
RoslynAnalysisRunner has terminated.
Mono: successfully reloaded assembly
- Completed reload, in  1.758 seconds
Platform modules already initialized, skipping
========================================================================
Worker process is ready to serve import requests
Launched and connected shader compiler UnityShaderCompiler.exe after 0.06 seconds
Refreshing native plugins compatible for Editor in 0.39 ms, found 0 plugins.
Preloading 0 native plugins for Editor in 0.00 ms.
Unloading 1238 Unused Serialized files (Serialized files now loaded: 0)
System memory in use before: 68.9 MB.
System memory in use after: 69.0 MB.

Unloading 9 unused Assets to reduce memory usage. Loaded Objects now: 1683.
Total: 1.470900 ms (FindLiveObjects: 0.163300 ms CreateObjectMapping: 0.038700 ms MarkObjects: 1.209900 ms  DeleteObjects: 0.050900 ms)

========================================================================
Received Import Request.
  path: Assets/Prefabs/particle/SmallDeathExplosionPfx.prefab
  artifactKey: Guid(cb6df1570df1c5c409bf03e6980037e6) Importer(815301076,1909f56bfc062723c751e8b465ee728b)
Start importing Assets/Prefabs/particle/SmallDeathExplosionPfx.prefab using Guid(cb6df1570df1c5c409bf03e6980037e6) Importer(815301076,1909f56bfc062723c751e8b465ee728b)  -> (artifact id: 'ab070a743ad579c7a9c5c040953ea6bf') in 0.033498 seconds
  Import took 0.036059 seconds .

========================================================================
Received Import Request.
  Time since last request: 0.000161 seconds.
  path: Assets/Scripts/ArcherProperty.cs
  artifactKey: Guid(da3766a7449263c4285f99cf6c80d1b4) Importer(815301076,1909f56bfc062723c751e8b465ee728b)
Start importing Assets/Scripts/ArcherProperty.cs using Guid(da3766a7449263c4285f99cf6c80d1b4) Importer(815301076,1909f56bfc062723c751e8b465ee728b)  -> (artifact id: 'b2e6c0d7e0ec37d1b81375a8da678322') in 0.008028 seconds
  Import took 0.009838 seconds .

========================================================================
Received Import Request.
  Time since last request: 0.000148 seconds.
  path: Assets/Prefabs/health/health_bar-07.png
  artifactKey: Guid(5c98138933adcb2488cc2eb0f49c6038) Importer(815301076,1909f56bfc062723c751e8b465ee728b)
Start importing Assets/Prefabs/health/health_bar-07.png using Guid(5c98138933adcb2488cc2eb0f49c6038) Importer(815301076,1909f56bfc062723c751e8b465ee728b)  -> (artifact id: 'f620014f5c1ff915ebd5d1770da5c86d') in 0.117740 seconds
  Import took 0.119894 seconds .

========================================================================
Received Import Request.
  Time since last request: 0.000225 seconds.
  path: Assets/Prefabs/health/health_bar-05.png
  artifactKey: Guid(91ea3eb53190b724f84982128e91d43f) Importer(815301076,1909f56bfc062723c751e8b465ee728b)
Start importing Assets/Prefabs/health/health_bar-05.png using Guid(91ea3eb53190b724f84982128e91d43f) Importer(815301076,1909f56bfc062723c751e8b465ee728b)  -> (artifact id: '4516cc5be1af36df75552f776bef3e5d') in 0.015487 seconds
  Import took 0.017392 seconds .

========================================================================
Received Import Request.
  Time since last request: 0.000242 seconds.
  path: Assets/Prefabs/Heart/S_ItemHeavyOutline_HeartRed_00.png
  artifactKey: Guid(4bdfb349c12417b4cabed5297d3dc6db) Importer(815301076,1909f56bfc062723c751e8b465ee728b)
Start importing Assets/Prefabs/Heart/S_ItemHeavyOutline_HeartRed_00.png using Guid(4bdfb349c12417b4cabed5297d3dc6db) Importer(815301076,1909f56bfc062723c751e8b465ee728b)  -> (artifact id: '64971d4402cc82f03b253020d4c7cd4d') in 0.012867 seconds
  Import took 0.015216 seconds .

========================================================================
Received Import Request.
  Time since last request: 0.000230 seconds.
  path: Assets/Prefabs/health/bgHpBar.prefab
  artifactKey: Guid(1265d382787951a4eb7aa1d985b37649) Importer(815301076,1909f56bfc062723c751e8b465ee728b)
Start importing Assets/Prefabs/health/bgHpBar.prefab using Guid(1265d382787951a4eb7aa1d985b37649) Importer(815301076,1909f56bfc062723c751e8b465ee728b)  -> (artifact id: 'e0838875b98c85d479d8d42100330e72') in 0.018898 seconds
  Import took 0.021030 seconds .

========================================================================
Received Import Request.
  Time since last request: 0.000245 seconds.
  path: Assets/Prefabs/health/health_bar-04.png
  artifactKey: Guid(f81d928eb5ec6ca43ab53bac6de9c760) Importer(815301076,1909f56bfc062723c751e8b465ee728b)
Start importing Assets/Prefabs/health/health_bar-04.png using Guid(f81d928eb5ec6ca43ab53bac6de9c760) Importer(815301076,1909f56bfc062723c751e8b465ee728b)  -> (artifact id: '0383707231e1bd877273313c81419e0f') in 0.009913 seconds
  Import took 0.011797 seconds .

========================================================================
Received Import Request.
  Time since last request: 0.000244 seconds.
  path: Assets/Prefabs/Heart/Heart.prefab
  artifactKey: Guid(16fa65825e6c9c34da78af82e076cc58) Importer(815301076,1909f56bfc062723c751e8b465ee728b)
Start importing Assets/Prefabs/Heart/Heart.prefab using Guid(16fa65825e6c9c34da78af82e076cc58) Importer(815301076,1909f56bfc062723c751e8b465ee728b)  -> (artifact id: '7d8c0d7c7f64f45553e1208ffd12c23e') in 0.025640 seconds
  Import took 0.027919 seconds .

========================================================================
Received Import Request.
  Time since last request: 0.000246 seconds.
  path: Assets/Prefabs/health/health_bar-02.png
  artifactKey: Guid(b7d87d5d83ecada4da78a1745f56610d) Importer(815301076,1909f56bfc062723c751e8b465ee728b)
Start importing Assets/Prefabs/health/health_bar-02.png using Guid(b7d87d5d83ecada4da78a1745f56610d) Importer(815301076,1909f56bfc062723c751e8b465ee728b)  -> (artifact id: 'cf0a832f4bfb24742cebcdb13a872e7f') in 0.008675 seconds
  Import took 0.010523 seconds .

========================================================================
Received Import Request.
  Time since last request: 0.000253 seconds.
  path: Assets/Prefabs/health/Canvas.prefab
  artifactKey: Guid(ab73ce295cedf124282e419c2b235415) Importer(815301076,1909f56bfc062723c751e8b465ee728b)
Start importing Assets/Prefabs/health/Canvas.prefab using Guid(ab73ce295cedf124282e419c2b235415) Importer(815301076,1909f56bfc062723c751e8b465ee728b)  -> (artifact id: '89097b3be3b783f7dd693d82e8ef8ef2') in 0.007132 seconds
  Import took 0.009343 seconds .

========================================================================
Received Import Request.
  Time since last request: 0.000245 seconds.
  path: Assets/Prefabs/health/health_bar-06.png
  artifactKey: Guid(c0e80cd466317d4438a82ee64ca093bc) Importer(815301076,1909f56bfc062723c751e8b465ee728b)
Start importing Assets/Prefabs/health/health_bar-06.png using Guid(c0e80cd466317d4438a82ee64ca093bc) Importer(815301076,1909f56bfc062723c751e8b465ee728b)  -> (artifact id: '55f36212a0bc4f47115078674881120d') in 0.015061 seconds
  Import took 0.016883 seconds .

========================================================================
Received Prepare
Registering precompiled user dll's ...
Registered in 0.000643 seconds.
Begin MonoManager ReloadAssembly
Native extension for WindowsStandalone target not found
Refreshing native plugins compatible for Editor in 0.38 ms, found 0 plugins.
Preloading 0 native plugins for Editor in 0.00 ms.
Invoked RoslynAnalysisRunner static constructor.
RoslynAnalysisRunner will not be running.
RoslynAnalysisRunner has terminated.
Mono: successfully reloaded assembly
- Completed reload, in  0.634 seconds
Platform modules already initialized, skipping
Refreshing native plugins compatible for Editor in 0.38 ms, found 0 plugins.
Preloading 0 native plugins for Editor in 0.00 ms.
Unloading 1209 Unused Serialized files (Serialized files now loaded: 0)
System memory in use before: 69.7 MB.
System memory in use after: 69.8 MB.

Unloading 5 unused Assets to reduce memory usage. Loaded Objects now: 1699.
Total: 1.320200 ms (FindLiveObjects: 0.121700 ms CreateObjectMapping: 0.032400 ms MarkObjects: 1.154500 ms  DeleteObjects: 0.010800 ms)

========================================================================
Received Import Request.
  Time since last request: 26.507725 seconds.
  path: Assets/Scripts/BulletManager.cs
  artifactKey: Guid(08f0b583557e51c45b3412373fca12c3) Importer(815301076,1909f56bfc062723c751e8b465ee728b)
Start importing Assets/Scripts/BulletManager.cs using Guid(08f0b583557e51c45b3412373fca12c3) Importer(815301076,1909f56bfc062723c751e8b465ee728b)  -> (artifact id: '2b9f5a8bb1b730c2452e0a99a84c8f6a') in 0.006247 seconds
  Import took 0.008673 seconds .

========================================================================
Received Import Request.
  Time since last request: 0.023053 seconds.
  path: Assets/Scripts/BulletManager.cs
  artifactKey: Guid(08f0b583557e51c45b3412373fca12c3) Importer(815301076,1909f56bfc062723c751e8b465ee728b)
Start importing Assets/Scripts/BulletManager.cs using Guid(08f0b583557e51c45b3412373fca12c3) Importer(815301076,1909f56bfc062723c751e8b465ee728b)  -> (artifact id: '2b9f5a8bb1b730c2452e0a99a84c8f6a') in 0.001779 seconds
  Import took 0.003756 seconds .

========================================================================
Received Prepare
Registering precompiled user dll's ...
Registered in 0.000735 seconds.
Begin MonoManager ReloadAssembly
Native extension for WindowsStandalone target not found
Refreshing native plugins compatible for Editor in 0.37 ms, found 0 plugins.
Preloading 0 native plugins for Editor in 0.00 ms.
Invoked RoslynAnalysisRunner static constructor.
RoslynAnalysisRunner will not be running.
RoslynAnalysisRunner has terminated.
Mono: successfully reloaded assembly
- Completed reload, in  0.632 seconds
Platform modules already initialized, skipping
Refreshing native plugins compatible for Editor in 0.38 ms, found 0 plugins.
Preloading 0 native plugins for Editor in 0.00 ms.
Unloading 1209 Unused Serialized files (Serialized files now loaded: 0)
System memory in use before: 69.7 MB.
System memory in use after: 69.8 MB.

Unloading 4 unused Assets to reduce memory usage. Loaded Objects now: 1702.
Total: 1.628700 ms (FindLiveObjects: 0.144400 ms CreateObjectMapping: 0.034500 ms MarkObjects: 1.436200 ms  DeleteObjects: 0.012000 ms)

========================================================================
Received Import Request.
  Time since last request: 352.901442 seconds.
  path: Assets/Scripts/BulletManager.cs
  artifactKey: Guid(08f0b583557e51c45b3412373fca12c3) Importer(815301076,1909f56bfc062723c751e8b465ee728b)
Start importing Assets/Scripts/BulletManager.cs using Guid(08f0b583557e51c45b3412373fca12c3) Importer(815301076,1909f56bfc062723c751e8b465ee728b)  -> (artifact id: '786c7dce5d49ff66886a5f88e0295444') in 0.003006 seconds
  Import took 0.004963 seconds .

========================================================================
Received Import Request.
  Time since last request: 0.373260 seconds.
  path: Assets/Scripts/BulletManager.cs
  artifactKey: Guid(08f0b583557e51c45b3412373fca12c3) Importer(815301076,1909f56bfc062723c751e8b465ee728b)
Start importing Assets/Scripts/BulletManager.cs using Guid(08f0b583557e51c45b3412373fca12c3) Importer(815301076,1909f56bfc062723c751e8b465ee728b)  -> (artifact id: '786c7dce5d49ff66886a5f88e0295444') in 0.001727 seconds
  Import took 0.003641 seconds .

========================================================================
Received Prepare
Registering precompiled user dll's ...
Registered in 0.000688 seconds.
Begin MonoManager ReloadAssembly
Native extension for WindowsStandalone target not found
Refreshing native plugins compatible for Editor in 0.38 ms, found 0 plugins.
Preloading 0 native plugins for Editor in 0.00 ms.
Invoked RoslynAnalysisRunner static constructor.
RoslynAnalysisRunner will not be running.
RoslynAnalysisRunner has terminated.
Mono: successfully reloaded assembly
- Completed reload, in  0.628 seconds
Platform modules already initialized, skipping
Refreshing native plugins compatible for Editor in 0.38 ms, found 0 plugins.
Preloading 0 native plugins for Editor in 0.00 ms.
Unloading 1209 Unused Serialized files (Serialized files now loaded: 0)
System memory in use before: 69.8 MB.
System memory in use after: 69.9 MB.

Unloading 4 unused Assets to reduce memory usage. Loaded Objects now: 1705.
Total: 1.453300 ms (FindLiveObjects: 0.179500 ms CreateObjectMapping: 0.032000 ms MarkObjects: 1.227900 ms  DeleteObjects: 0.012500 ms)

========================================================================
Received Import Request.
  Time since last request: 179.831395 seconds.
  path: Assets/Scripts/CanonManager.cs
  artifactKey: Guid(b167be400e6b93a488b1332e7b787eb3) Importer(815301076,1909f56bfc062723c751e8b465ee728b)
Start importing Assets/Scripts/CanonManager.cs using Guid(b167be400e6b93a488b1332e7b787eb3) Importer(815301076,1909f56bfc062723c751e8b465ee728b)  -> (artifact id: '56bb8e46adc33b6c78a236f3980495ca') in 0.006441 seconds
  Import took 0.008488 seconds .

========================================================================
Received Import Request.
  Time since last request: 0.000147 seconds.
  path: Assets/Scripts/ButtonManager.cs
  artifactKey: Guid(7cc21df5e9c009241b132031da89a267) Importer(815301076,1909f56bfc062723c751e8b465ee728b)
Start importing Assets/Scripts/ButtonManager.cs using Guid(7cc21df5e9c009241b132031da89a267) Importer(815301076,1909f56bfc062723c751e8b465ee728b)  -> (artifact id: '935241e846abbea5284a78f5462cbb99') in 0.004489 seconds
  Import took 0.006288 seconds .

========================================================================
Received Prepare
Registering precompiled user dll's ...
Registered in 0.000659 seconds.
Begin MonoManager ReloadAssembly
Native extension for WindowsStandalone target not found
Refreshing native plugins compatible for Editor in 0.38 ms, found 0 plugins.
Preloading 0 native plugins for Editor in 0.00 ms.
Invoked RoslynAnalysisRunner static constructor.
RoslynAnalysisRunner will not be running.
RoslynAnalysisRunner has terminated.
Mono: successfully reloaded assembly
- Completed reload, in  0.636 seconds
Platform modules already initialized, skipping
Refreshing native plugins compatible for Editor in 0.38 ms, found 0 plugins.
Preloading 0 native plugins for Editor in 0.00 ms.
Unloading 1209 Unused Serialized files (Serialized files now loaded: 0)
System memory in use before: 69.8 MB.
System memory in use after: 69.9 MB.

Unloading 4 unused Assets to reduce memory usage. Loaded Objects now: 1708.
Total: 1.428400 ms (FindLiveObjects: 0.148000 ms CreateObjectMapping: 0.041700 ms MarkObjects: 1.227000 ms  DeleteObjects: 0.011000 ms)

========================================================================
Received Import Request.
  Time since last request: 497.595984 seconds.
  path: Assets/Scripts/CanonManager.cs
  artifactKey: Guid(b167be400e6b93a488b1332e7b787eb3) Importer(815301076,1909f56bfc062723c751e8b465ee728b)
Start importing Assets/Scripts/CanonManager.cs using Guid(b167be400e6b93a488b1332e7b787eb3) Importer(815301076,1909f56bfc062723c751e8b465ee728b)  -> (artifact id: '7a33c800362967f4996f5a6cf7b5c3c0') in 0.003126 seconds
  Import took 0.017389 seconds .

========================================================================
Received Import Request.
  Time since last request: 0.208900 seconds.
  path: Assets/Scripts/EnemyEndPoint.cs
  artifactKey: Guid(ef4b292001ac6f14a92270ed77114ccb) Importer(815301076,1909f56bfc062723c751e8b465ee728b)
Start importing Assets/Scripts/EnemyEndPoint.cs using Guid(ef4b292001ac6f14a92270ed77114ccb) Importer(815301076,1909f56bfc062723c751e8b465ee728b)  -> (artifact id: 'df06ac31d6b34b8361708a5bd086ef48') in 0.004905 seconds
  Import took 0.007648 seconds .

========================================================================
Received Import Request.
  Time since last request: 37.367383 seconds.
  path: Assets/Scripts/SoundManager.cs
  artifactKey: Guid(e2cea1b94172a4448b9811269c1c0d47) Importer(815301076,1909f56bfc062723c751e8b465ee728b)
Start importing Assets/Scripts/SoundManager.cs using Guid(e2cea1b94172a4448b9811269c1c0d47) Importer(815301076,1909f56bfc062723c751e8b465ee728b)  -> (artifact id: 'e0f77a658c1bea4e3256744165e23723') in 0.005763 seconds
  Import took 0.007835 seconds .

========================================================================
Received Import Request.
  Time since last request: 0.001114 seconds.
  path: Assets/Scripts/SoundManager.cs
  artifactKey: Guid(e2cea1b94172a4448b9811269c1c0d47) Importer(815301076,1909f56bfc062723c751e8b465ee728b)
Start importing Assets/Scripts/SoundManager.cs using Guid(e2cea1b94172a4448b9811269c1c0d47) Importer(815301076,1909f56bfc062723c751e8b465ee728b)  -> (artifact id: 'e0f77a658c1bea4e3256744165e23723') in 0.002013 seconds
  Import took 0.003995 seconds .

========================================================================
Received Prepare
Registering precompiled user dll's ...
Registered in 0.000628 seconds.
Begin MonoManager ReloadAssembly
Native extension for WindowsStandalone target not found
Refreshing native plugins compatible for Editor in 0.37 ms, found 0 plugins.
Preloading 0 native plugins for Editor in 0.00 ms.
Invoked RoslynAnalysisRunner static constructor.
RoslynAnalysisRunner will not be running.
RoslynAnalysisRunner has terminated.
Mono: successfully reloaded assembly
- Completed reload, in  0.649 seconds
Platform modules already initialized, skipping
Refreshing native plugins compatible for Editor in 0.38 ms, found 0 plugins.
Preloading 0 native plugins for Editor in 0.00 ms.
Unloading 1209 Unused Serialized files (Serialized files now loaded: 0)
System memory in use before: 69.8 MB.
System memory in use after: 69.9 MB.

Unloading 4 unused Assets to reduce memory usage. Loaded Objects now: 1711.
Total: 1.459400 ms (FindLiveObjects: 0.122200 ms CreateObjectMapping: 0.033000 ms MarkObjects: 1.292900 ms  DeleteObjects: 0.010200 ms)

========================================================================
Received Import Request.
  Time since last request: 450.517915 seconds.
  path: Assets/Scripts/EnemyEndPoint.cs
  artifactKey: Guid(ef4b292001ac6f14a92270ed77114ccb) Importer(815301076,1909f56bfc062723c751e8b465ee728b)
Start importing Assets/Scripts/EnemyEndPoint.cs using Guid(ef4b292001ac6f14a92270ed77114ccb) Importer(815301076,1909f56bfc062723c751e8b465ee728b)  -> (artifact id: 'c05e0eb8e88f73c8adddcbf3319988b3') in 0.003573 seconds
  Import took 0.005625 seconds .

========================================================================
Received Import Request.
  Time since last request: 0.000402 seconds.
  path: Assets/Scripts/EnemyEndPoint.cs
  artifactKey: Guid(ef4b292001ac6f14a92270ed77114ccb) Importer(815301076,1909f56bfc062723c751e8b465ee728b)
Start importing Assets/Scripts/EnemyEndPoint.cs using Guid(ef4b292001ac6f14a92270ed77114ccb) Importer(815301076,1909f56bfc062723c751e8b465ee728b)  -> (artifact id: 'c05e0eb8e88f73c8adddcbf3319988b3') in 0.001978 seconds
  Import took 0.003767 seconds .

========================================================================
Received Import Request.
  Time since last request: 0.636837 seconds.
  path: Assets/Scripts/EnemyManager.cs
  artifactKey: Guid(f3b633cad6abfad40b1acc6be3a72a4a) Importer(815301076,1909f56bfc062723c751e8b465ee728b)
Start importing Assets/Scripts/EnemyManager.cs using Guid(f3b633cad6abfad40b1acc6be3a72a4a) Importer(815301076,1909f56bfc062723c751e8b465ee728b)  -> (artifact id: 'af9358462ee49579f1b0afc26bcf6fa4') in 0.005257 seconds
  Import took 0.007428 seconds .

========================================================================
Received Import Request.
  Time since last request: 0.008758 seconds.
  path: Assets/Scripts/EnemyManager.cs
  artifactKey: Guid(f3b633cad6abfad40b1acc6be3a72a4a) Importer(815301076,1909f56bfc062723c751e8b465ee728b)
Start importing Assets/Scripts/EnemyManager.cs using Guid(f3b633cad6abfad40b1acc6be3a72a4a) Importer(815301076,1909f56bfc062723c751e8b465ee728b)  -> (artifact id: 'af9358462ee49579f1b0afc26bcf6fa4') in 0.001616 seconds
  Import took 0.003742 seconds .

========================================================================
Received Prepare
Registering precompiled user dll's ...
Registered in 0.000723 seconds.
Begin MonoManager ReloadAssembly
Native extension for WindowsStandalone target not found
Refreshing native plugins compatible for Editor in 0.38 ms, found 0 plugins.
Preloading 0 native plugins for Editor in 0.00 ms.
Invoked RoslynAnalysisRunner static constructor.
RoslynAnalysisRunner will not be running.
RoslynAnalysisRunner has terminated.
Mono: successfully reloaded assembly
- Completed reload, in  0.628 seconds
Platform modules already initialized, skipping
Refreshing native plugins compatible for Editor in 0.38 ms, found 0 plugins.
Preloading 0 native plugins for Editor in 0.00 ms.
Unloading 1209 Unused Serialized files (Serialized files now loaded: 0)
System memory in use before: 69.8 MB.
System memory in use after: 69.9 MB.

Unloading 4 unused Assets to reduce memory usage. Loaded Objects now: 1714.
Total: 1.364000 ms (FindLiveObjects: 0.133500 ms CreateObjectMapping: 0.033800 ms MarkObjects: 1.186100 ms  DeleteObjects: 0.010000 ms)

========================================================================
Received Import Request.
  Time since last request: 347.088115 seconds.
  path: Assets/Scripts/EnemyManager.cs
  artifactKey: Guid(f3b633cad6abfad40b1acc6be3a72a4a) Importer(815301076,1909f56bfc062723c751e8b465ee728b)
Start importing Assets/Scripts/EnemyManager.cs using Guid(f3b633cad6abfad40b1acc6be3a72a4a) Importer(815301076,1909f56bfc062723c751e8b465ee728b)  -> (artifact id: 'a3336d70c683f7ab02056c381af62abb') in 0.003020 seconds
  Import took 0.004909 seconds .

========================================================================
Received Import Request.
  Time since last request: 0.170562 seconds.
  path: Assets/Scripts/EnemyMove.cs
  artifactKey: Guid(425ceb5e00735794a9eaaeaa66ea8cc1) Importer(815301076,1909f56bfc062723c751e8b465ee728b)
Start importing Assets/Scripts/EnemyMove.cs using Guid(425ceb5e00735794a9eaaeaa66ea8cc1) Importer(815301076,1909f56bfc062723c751e8b465ee728b)  -> (artifact id: 'c703baa2be5cb373c55dd12594e5fd85') in 0.004810 seconds
  Import took 0.007446 seconds .

========================================================================
Received Import Request.
  Time since last request: 0.002037 seconds.
  path: Assets/Scripts/EnemyMove.cs
  artifactKey: Guid(425ceb5e00735794a9eaaeaa66ea8cc1) Importer(815301076,1909f56bfc062723c751e8b465ee728b)
Start importing Assets/Scripts/EnemyMove.cs using Guid(425ceb5e00735794a9eaaeaa66ea8cc1) Importer(815301076,1909f56bfc062723c751e8b465ee728b)  -> (artifact id: 'c703baa2be5cb373c55dd12594e5fd85') in 0.001775 seconds
  Import took 0.003855 seconds .

========================================================================
Received Import Request.
  Time since last request: 36.775342 seconds.
  path: Assets/Scripts/EnemyProperty.cs
  artifactKey: Guid(5d4b7be4fb8876e4195de4562350d8f5) Importer(815301076,1909f56bfc062723c751e8b465ee728b)
Start importing Assets/Scripts/EnemyProperty.cs using Guid(5d4b7be4fb8876e4195de4562350d8f5) Importer(815301076,1909f56bfc062723c751e8b465ee728b)  -> (artifact id: 'b143793d0ee91f91438345988f2dc5af') in 0.005797 seconds
  Import took 0.008284 seconds .

========================================================================
Received Import Request.
  Time since last request: 0.000779 seconds.
  path: Assets/Scripts/EnemyProperty.cs
  artifactKey: Guid(5d4b7be4fb8876e4195de4562350d8f5) Importer(815301076,1909f56bfc062723c751e8b465ee728b)
Start importing Assets/Scripts/EnemyProperty.cs using Guid(5d4b7be4fb8876e4195de4562350d8f5) Importer(815301076,1909f56bfc062723c751e8b465ee728b)  -> (artifact id: 'b143793d0ee91f91438345988f2dc5af') in 0.001422 seconds
  Import took 0.003301 seconds .

========================================================================
Received Prepare
Registering precompiled user dll's ...
Registered in 0.001015 seconds.
Begin MonoManager ReloadAssembly
Native extension for WindowsStandalone target not found
Refreshing native plugins compatible for Editor in 0.37 ms, found 0 plugins.
Preloading 0 native plugins for Editor in 0.00 ms.
Invoked RoslynAnalysisRunner static constructor.
RoslynAnalysisRunner will not be running.
RoslynAnalysisRunner has terminated.
Mono: successfully reloaded assembly
- Completed reload, in  0.640 seconds
Platform modules already initialized, skipping
Refreshing native plugins compatible for Editor in 0.37 ms, found 0 plugins.
Preloading 0 native plugins for Editor in 0.00 ms.
Unloading 1209 Unused Serialized files (Serialized files now loaded: 0)
System memory in use before: 69.8 MB.
System memory in use after: 69.9 MB.

Unloading 4 unused Assets to reduce memory usage. Loaded Objects now: 1717.
Total: 1.843000 ms (FindLiveObjects: 0.235200 ms CreateObjectMapping: 0.038400 ms MarkObjects: 1.557200 ms  DeleteObjects: 0.011400 ms)

========================================================================
Received Import Request.
  Time since last request: 386.399443 seconds.
  path: Assets/Scripts/EnemyProperty.cs
  artifactKey: Guid(5d4b7be4fb8876e4195de4562350d8f5) Importer(815301076,1909f56bfc062723c751e8b465ee728b)
Start importing Assets/Scripts/EnemyProperty.cs using Guid(5d4b7be4fb8876e4195de4562350d8f5) Importer(815301076,1909f56bfc062723c751e8b465ee728b)  -> (artifact id: '4c8b38c4462f3047779924f087088d30') in 0.003117 seconds
  Import took 0.004994 seconds .

========================================================================
Received Import Request.
  Time since last request: 0.450226 seconds.
  path: Assets/Scripts/GameManager.cs
  artifactKey: Guid(f9c4b202c5f2e3842b0bd8b29c690d6f) Importer(815301076,1909f56bfc062723c751e8b465ee728b)
Start importing Assets/Scripts/GameManager.cs using Guid(f9c4b202c5f2e3842b0bd8b29c690d6f) Importer(815301076,1909f56bfc062723c751e8b465ee728b)  -> (artifact id: '07e6f78372d7e3b530e2baad149beea4') in 0.005263 seconds
  Import took 0.007414 seconds .

========================================================================
Received Import Request.
  Time since last request: 0.000524 seconds.
  path: Assets/Scripts/GameManager.cs
  artifactKey: Guid(f9c4b202c5f2e3842b0bd8b29c690d6f) Importer(815301076,1909f56bfc062723c751e8b465ee728b)
Start importing Assets/Scripts/GameManager.cs using Guid(f9c4b202c5f2e3842b0bd8b29c690d6f) Importer(815301076,1909f56bfc062723c751e8b465ee728b)  -> (artifact id: '07e6f78372d7e3b530e2baad149beea4') in 0.001736 seconds
  Import took 0.003562 seconds .

========================================================================
Received Prepare
Registering precompiled user dll's ...
Registered in 0.000672 seconds.
Begin MonoManager ReloadAssembly
Native extension for WindowsStandalone target not found
Refreshing native plugins compatible for Editor in 0.38 ms, found 0 plugins.
Preloading 0 native plugins for Editor in 0.00 ms.
Invoked RoslynAnalysisRunner static constructor.
RoslynAnalysisRunner will not be running.
RoslynAnalysisRunner has terminated.
Mono: successfully reloaded assembly
- Completed reload, in  0.635 seconds
Platform modules already initialized, skipping
Refreshing native plugins compatible for Editor in 0.38 ms, found 0 plugins.
Preloading 0 native plugins for Editor in 0.00 ms.
Unloading 1209 Unused Serialized files (Serialized files now loaded: 0)
System memory in use before: 69.8 MB.
System memory in use after: 69.9 MB.

Unloading 4 unused Assets to reduce memory usage. Loaded Objects now: 1720.
Total: 1.489100 ms (FindLiveObjects: 0.131200 ms CreateObjectMapping: 0.033600 ms MarkObjects: 1.312500 ms  DeleteObjects: 0.010900 ms)

========================================================================
Received Import Request.
  Time since last request: 692.493082 seconds.
  path: Assets/Scripts/GameManager.cs
  artifactKey: Guid(f9c4b202c5f2e3842b0bd8b29c690d6f) Importer(815301076,1909f56bfc062723c751e8b465ee728b)
Start importing Assets/Scripts/GameManager.cs using Guid(f9c4b202c5f2e3842b0bd8b29c690d6f) Importer(815301076,1909f56bfc062723c751e8b465ee728b)  -> (artifact id: '410e7deaa213f7d564c29b84a47b5886') in 0.003476 seconds
  Import took 0.005643 seconds .

========================================================================
Received Import Request.
  Time since last request: 0.646174 seconds.
  path: Assets/Scripts/PlayerController.cs
  artifactKey: Guid(7098a05632edd724abec1da601417f3f) Importer(815301076,1909f56bfc062723c751e8b465ee728b)
Start importing Assets/Scripts/PlayerController.cs using Guid(7098a05632edd724abec1da601417f3f) Importer(815301076,1909f56bfc062723c751e8b465ee728b)  -> (artifact id: '019b701456297b3953c59e651a3e74da') in 0.005088 seconds
  Import took 0.007125 seconds .

========================================================================
Received Import Request.
  Time since last request: 0.000430 seconds.
  path: Assets/Scripts/PlayerController.cs
  artifactKey: Guid(7098a05632edd724abec1da601417f3f) Importer(815301076,1909f56bfc062723c751e8b465ee728b)
Start importing Assets/Scripts/PlayerController.cs using Guid(7098a05632edd724abec1da601417f3f) Importer(815301076,1909f56bfc062723c751e8b465ee728b)  -> (artifact id: '019b701456297b3953c59e651a3e74da') in 0.001552 seconds
  Import took 0.003541 seconds .

